<?xml version="1.0" encoding="UTF-8"?>
<!-- Generated by org.testng.reporters.JUnitReportReporter -->
<testsuite hostname="LAPTOP-0FPC52LK" failures="0" tests="1" name="AjayDhote.MavenJava.AppTest" time="0.043" errors="0" timestamp="2020-10-04T17:55:11 IST" skipped="0">
  <testcase classname="AjayDhote.MavenJava.AppTest" name="testApp" time="0.043"/>
  <system-out/>
</testsuite> <!-- AjayDhote.MavenJava.AppTest -->
