<?xml version="1.0" encoding="UTF-8"?>
<!-- Generated by org.testng.reporters.JUnitReportReporter -->
<testsuite hostname="LAPTOP-0FPC52LK" failures="0" tests="2" name="AjayDhote.MavenJava.FunctionalTest" time="0.005" errors="0" timestamp="2020-10-07T12:43:31 IST" skipped="0">
  <testcase classname="AjayDhote.MavenJava.FunctionalTest" name="test02" time="0.003"/>
  <system-out/>
  <testcase classname="AjayDhote.MavenJava.FunctionalTest" name="test01" time="0.002"/>
  <system-out/>
</testsuite> <!-- AjayDhote.MavenJava.FunctionalTest -->
