<?xml version="1.0" encoding="UTF-8"?>
<!-- Generated by org.testng.reporters.JUnitReportReporter -->
<testsuite hostname="LAPTOP-0FPC52LK" failures="0" tests="2" name="AjayDhote.MavenJava.APITest" time="0.000" errors="0" timestamp="2020-10-04T17:57:51 IST" skipped="0">
  <testcase classname="AjayDhote.MavenJava.APITest" name="test04" time="0.000"/>
  <system-out/>
  <testcase classname="AjayDhote.MavenJava.APITest" name="test03" time="0.000"/>
  <system-out/>
</testsuite> <!-- AjayDhote.MavenJava.APITest -->
